<?xml version="1.0" encoding="UTF-8"?>
<testng-results ignored="0" total="3" passed="3" failed="0" skipped="0">
  <reporter-output>
  </reporter-output>
  <suite started-at="2024-09-04T14:52:52 EET" name="Parallel Chrome browser" finished-at="2024-09-04T14:52:56 EET" duration-ms="3220">
    <groups>
    </groups>
    <test started-at="2024-09-04T14:52:52 EET" name="Parallel by methods" finished-at="2024-09-04T14:52:56 EET" duration-ms="3220">
      <class name="autotests.LoginPositiveTest">
        <test-method is-config="true" signature="setUp()[pri:0, instance:autotests.LoginPositiveTest@5939a379]" started-at="2024-09-04T14:52:55 EET" name="setUp" finished-at="2024-09-04T14:52:55 EET" duration-ms="4" status="PASS">
          <reporter-output>
          </reporter-output>
        </test-method> <!-- setUp -->
        <test-method signature="loginStandardUserTest()[pri:0, instance:autotests.LoginPositiveTest@5939a379]" started-at="2024-09-04T14:52:55 EET" name="loginStandardUserTest" description="Авторизация со стандартным пользователем" finished-at="2024-09-04T14:52:55 EET" duration-ms="286" status="PASS">
          <reporter-output>
          </reporter-output>
        </test-method> <!-- loginStandardUserTest -->
        <test-method is-config="true" signature="tearDown()[pri:0, instance:autotests.LoginPositiveTest@5939a379]" started-at="2024-09-04T14:52:55 EET" name="tearDown" finished-at="2024-09-04T14:52:56 EET" duration-ms="176" status="PASS">
          <reporter-output>
          </reporter-output>
        </test-method> <!-- tearDown -->
      </class> <!-- autotests.LoginPositiveTest -->
      <class name="autotests.LoginNegativeTest">
        <test-method signature="loginLockedOutUserTest()[pri:0, instance:autotests.LoginNegativeTest@152aa092]" started-at="2024-09-04T14:52:52 EET" name="loginLockedOutUserTest" description="Авторизация с заблокированным пользователем" finished-at="2024-09-04T14:52:55 EET" duration-ms="2704" status="PASS">
          <reporter-output>
          </reporter-output>
        </test-method> <!-- loginLockedOutUserTest -->
        <test-method signature="errorTextAuthWithoutUsernameAndPasswordTest()[pri:0, instance:autotests.LoginNegativeTest@152aa092]" started-at="2024-09-04T14:52:52 EET" name="errorTextAuthWithoutUsernameAndPasswordTest" description="Текст ошибки при авторизации с пустым username и password" finished-at="2024-09-04T14:52:55 EET" duration-ms="2930" status="PASS">
          <reporter-output>
          </reporter-output>
        </test-method> <!-- errorTextAuthWithoutUsernameAndPasswordTest -->
      </class> <!-- autotests.LoginNegativeTest -->
    </test> <!-- Parallel by methods -->
  </suite> <!-- Parallel Chrome browser -->
</testng-results>
