<?xml version="1.0" encoding="UTF-8"?>
<testsuite xmlns:xsi="http://www.w3.org/2001/XMLSchema-instance" xsi:noNamespaceSchemaLocation="https://maven.apache.org/surefire/maven-surefire-plugin/xsd/surefire-test-report.xsd" name="TestSuite" time="3.727" tests="3" errors="0" skipped="0" failures="0">
  <properties>
[...]
</properties>
  <testcase name="loginLockedOutUserTest" classname="autotests.LoginNegativeTest" time="2.706"/>
  <testcase name="errorTextAuthWithoutUsernameAndPasswordTest" classname="autotests.LoginNegativeTest" time="0.216"/>
  <testcase name="loginStandardUserTest" classname="autotests.LoginPositiveTest" time="0.286"/>
</testsuite>