<?xml version="1.0" encoding="UTF-8"?>
<!-- Generated by org.testng.reporters.JUnitXMLReporter -->
<testsuite ignored="0" hostname="DESKTOP-2OVA76D" failures="0" tests="3" name="Parallel by methods" time="3.22" errors="0" timestamp="2024-09-04T14:52:56 EET">
  <testcase classname="autotests.LoginNegativeTest" name="loginLockedOutUserTest" time="2.704"/>
  <testcase classname="autotests.LoginNegativeTest" name="errorTextAuthWithoutUsernameAndPasswordTest" time="2.93"/>
  <testcase classname="autotests.LoginPositiveTest" name="loginStandardUserTest" time="0.286"/>
</testsuite> <!-- Parallel by methods -->
