<?xml version="1.0" encoding="UTF-8"?>
<!-- Generated by org.testng.reporters.JUnitXMLReporter -->
<testsuite ignored="0" hostname="DESKTOP-2OVA76D" failures="0" tests="3" name="Parallel by methods" time="3.685" errors="0" timestamp="2024-09-04T14:38:55 EET">
  <testcase classname="autotests.LoginNegativeTest" name="errorTextAuthWithoutUsernameAndPasswordTest" time="3.208"/>
  <testcase classname="autotests.LoginNegativeTest" name="loginLockedOutUserTest" time="3.249"/>
  <testcase classname="autotests.LoginPositiveTest" name="loginStandardUserTest" time="0.265"/>
</testsuite> <!-- Parallel by methods -->
